This is XeTeX, Version 3.141592653-2.6-0.999993 (TeX Live 2021/W32TeX) (preloaded format=xelatex 2021.4.25)  25 APR 2021 23:33
entering extended mode
 restricted \write18 enabled.
 %&-line parsing enabled.
**nlmlb_a-statistical-analysis-of-integration-and-the-negro-league_pahodgetts.t
ex

(./nlmlb_a-statistical-analysis-of-integration-and-the-negro-league_pahodgetts.
tex
LaTeX2e <2020-10-01> patch level 4
L3 programming layer <2021-02-18> (c:/Users/phodg/AppData/Roaming/TinyTeX/texmf
-dist/tex/latex/base/article.cls
Document Class: article 2020/04/10 v1.4m Standard LaTeX document class
(c:/Users/phodg/AppData/Roaming/TinyTeX/texmf-dist/tex/latex/base/size12.clo
File: size12.clo 2020/04/10 v1.4m Standard LaTeX file (size option)
)
\c@part=\count175
\c@section=\count176
\c@subsection=\count177
\c@subsubsection=\count178
\c@paragraph=\count179
\c@subparagraph=\count180
\c@figure=\count181
\c@table=\count182
\abovecaptionskip=\skip47
\belowcaptionskip=\skip48
\bibindent=\dimen138
)
(c:/Users/phodg/AppData/Roaming/TinyTeX/texmf-dist/tex/latex/amsmath/amsmath.st
y
Package: amsmath 2020/09/23 v2.17i AMS math features
\@mathmargin=\skip49
For additional information on amsmath, use the `?' option.

(c:/Users/phodg/AppData/Roaming/TinyTeX/texmf-dist/tex/latex/amsmath/amstext.st
y
Package: amstext 2000/06/29 v2.01 AMS text

(c:/Users/phodg/AppData/Roaming/TinyTeX/texmf-dist/tex/latex/amsmath/amsgen.sty
File: amsgen.sty 1999/11/30 v2.0 generic functions
\@emptytoks=\toks15
\ex@=\dimen139
))
(c:/Users/phodg/AppData/Roaming/TinyTeX/texmf-dist/tex/latex/amsmath/amsbsy.sty
Package: amsbsy 1999/11/29 v1.2d Bold Symbols
\pmbraise@=\dimen140
)
(c:/Users/phodg/AppData/Roaming/TinyTeX/texmf-dist/tex/latex/amsmath/amsopn.sty
Package: amsopn 2016/03/08 v2.02 operator names
)
\inf@bad=\count183
LaTeX Info: Redefining \frac on input line 234.
\uproot@=\count184
\leftroot@=\count185
LaTeX Info: Redefining \overline on input line 399.
\classnum@=\count186
\DOTSCASE@=\count187
LaTeX Info: Redefining \ldots on input line 496.
LaTeX Info: Redefining \dots on input line 499.
LaTeX Info: Redefining \cdots on input line 620.
\Mathstrutbox@=\box47
\strutbox@=\box48
\big@size=\dimen141
LaTeX Font Info:    Redeclaring font encoding OML on input line 743.
LaTeX Font Info:    Redeclaring font encoding OMS on input line 744.
\macc@depth=\count188
\c@MaxMatrixCols=\count189
\dotsspace@=\muskip16
\c@parentequation=\count190
\dspbrk@lvl=\count191
\tag@help=\toks16
\row@=\count192
\column@=\count193
\maxfields@=\count194
\andhelp@=\toks17
\eqnshift@=\dimen142
\alignsep@=\dimen143
\tagshift@=\dimen144
\tagwidth@=\dimen145
\totwidth@=\dimen146
\lineht@=\dimen147
\@envbody=\toks18
\multlinegap=\skip50
\multlinetaggap=\skip51
\mathdisplay@stack=\toks19
LaTeX Info: Redefining \[ on input line 2923.
LaTeX Info: Redefining \] on input line 2924.
)
(c:/Users/phodg/AppData/Roaming/TinyTeX/texmf-dist/tex/latex/amsfonts/amssymb.s
ty
Package: amssymb 2013/01/14 v3.01 AMS font symbols

(c:/Users/phodg/AppData/Roaming/TinyTeX/texmf-dist/tex/latex/amsfonts/amsfonts.
sty
Package: amsfonts 2013/01/14 v3.01 Basic AMSFonts support
\symAMSa=\mathgroup4
\symAMSb=\mathgroup5
LaTeX Font Info:    Redeclaring math symbol \hbar on input line 98.
LaTeX Font Info:    Overwriting math alphabet `\mathfrak' in version `bold'
(Font)                  U/euf/m/n --> U/euf/b/n on input line 106.
)) (c:/Users/phodg/AppData/Roaming/TinyTeX/texmf-dist/tex/latex/lm/lmodern.sty
Package: lmodern 2015/05/01 v1.6.1 Latin Modern Fonts
LaTeX Font Info:    Overwriting symbol font `operators' in version `normal'
(Font)                  OT1/cmr/m/n --> OT1/lmr/m/n on input line 22.
LaTeX Font Info:    Overwriting symbol font `letters' in version `normal'
(Font)                  OML/cmm/m/it --> OML/lmm/m/it on input line 23.
LaTeX Font Info:    Overwriting symbol font `symbols' in version `normal'
(Font)                  OMS/cmsy/m/n --> OMS/lmsy/m/n on input line 24.
LaTeX Font Info:    Overwriting symbol font `largesymbols' in version `normal'
(Font)                  OMX/cmex/m/n --> OMX/lmex/m/n on input line 25.
LaTeX Font Info:    Overwriting symbol font `operators' in version `bold'
(Font)                  OT1/cmr/bx/n --> OT1/lmr/bx/n on input line 26.
LaTeX Font Info:    Overwriting symbol font `letters' in version `bold'
(Font)                  OML/cmm/b/it --> OML/lmm/b/it on input line 27.
LaTeX Font Info:    Overwriting symbol font `symbols' in version `bold'
(Font)                  OMS/cmsy/b/n --> OMS/lmsy/b/n on input line 28.
LaTeX Font Info:    Overwriting symbol font `largesymbols' in version `bold'
(Font)                  OMX/cmex/m/n --> OMX/lmex/m/n on input line 29.
LaTeX Font Info:    Overwriting math alphabet `\mathbf' in version `normal'
(Font)                  OT1/cmr/bx/n --> OT1/lmr/bx/n on input line 31.
LaTeX Font Info:    Overwriting math alphabet `\mathsf' in version `normal'
(Font)                  OT1/cmss/m/n --> OT1/lmss/m/n on input line 32.
LaTeX Font Info:    Overwriting math alphabet `\mathit' in version `normal'
(Font)                  OT1/cmr/m/it --> OT1/lmr/m/it on input line 33.
LaTeX Font Info:    Overwriting math alphabet `\mathtt' in version `normal'
(Font)                  OT1/cmtt/m/n --> OT1/lmtt/m/n on input line 34.
LaTeX Font Info:    Overwriting math alphabet `\mathbf' in version `bold'
(Font)                  OT1/cmr/bx/n --> OT1/lmr/bx/n on input line 35.
LaTeX Font Info:    Overwriting math alphabet `\mathsf' in version `bold'
(Font)                  OT1/cmss/bx/n --> OT1/lmss/bx/n on input line 36.
LaTeX Font Info:    Overwriting math alphabet `\mathit' in version `bold'
(Font)                  OT1/cmr/bx/it --> OT1/lmr/bx/it on input line 37.
LaTeX Font Info:    Overwriting math alphabet `\mathtt' in version `bold'
(Font)                  OT1/cmtt/m/n --> OT1/lmtt/m/n on input line 38.
)
(c:/Users/phodg/AppData/Roaming/TinyTeX/texmf-dist/tex/generic/iftex/ifxetex.st
y
Package: ifxetex 2019/10/25 v0.7 ifxetex legacy package. Use iftex instead.
(c:/Users/phodg/AppData/Roaming/TinyTeX/texmf-dist/tex/generic/iftex/iftex.sty
Package: iftex 2020/03/06 v1.0d TeX engine tests
))
(c:/Users/phodg/AppData/Roaming/TinyTeX/texmf-dist/tex/generic/iftex/ifluatex.s
ty
Package: ifluatex 2019/10/25 v1.5 ifluatex legacy package. Use iftex instead.
)
(c:/Users/phodg/AppData/Roaming/TinyTeX/texmf-dist/tex/latex/unicode-math/unico
de-math.sty
(c:/Users/phodg/AppData/Roaming/TinyTeX/texmf-dist/tex/latex/l3kernel/expl3.sty
Package: expl3 2021-02-18 L3 programming layer (loader) 

(c:/Users/phodg/AppData/Roaming/TinyTeX/texmf-dist/tex/latex/l3backend/l3backen
d-xetex.def
File: l3backend-xetex.def 2021-03-18 L3 backend support: XeTeX
(|extractbb --version)
\c__kernel_sys_dvipdfmx_version_int=\count195
\l__color_backend_stack_int=\count196
\g__color_backend_stack_int=\count197
\g__graphics_track_int=\count198
\l__pdf_internal_box=\box49
\g__pdf_backend_object_int=\count199
\g__pdf_backend_annotation_int=\count266
\g__pdf_backend_link_int=\count267
))
Package: unicode-math 2020/01/31 v0.8q Unicode maths in XeLaTeX and LuaLaTeX

(c:/Users/phodg/AppData/Roaming/TinyTeX/texmf-dist/tex/latex/unicode-math/unico
de-math-xetex.sty
Package: unicode-math-xetex 2020/01/31 v0.8q Unicode maths in XeLaTeX and LuaLa
TeX

(c:/Users/phodg/AppData/Roaming/TinyTeX/texmf-dist/tex/latex/l3packages/xparse/
xparse.sty
(c:/Users/phodg/AppData/Roaming/TinyTeX/texmf-dist/tex/latex/l3packages/xparse/
xparse-2020-10-01.sty
(c:/Users/phodg/AppData/Roaming/TinyTeX/texmf-dist/tex/latex/l3packages/xparse/
xparse-generic.tex)))
(c:/Users/phodg/AppData/Roaming/TinyTeX/texmf-dist/tex/latex/l3packages/l3keys2
e/l3keys2e.sty
Package: l3keys2e 2021-03-12 LaTeX2e option processing using LaTeX3 keys
)
(c:/Users/phodg/AppData/Roaming/TinyTeX/texmf-dist/tex/latex/fontspec/fontspec.
sty
Package: fontspec 2020/02/21 v2.7i Font selection for XeLaTeX and LuaLaTeX

(c:/Users/phodg/AppData/Roaming/TinyTeX/texmf-dist/tex/latex/fontspec/fontspec-
xetex.sty
Package: fontspec-xetex 2020/02/21 v2.7i Font selection for XeLaTeX and LuaLaTe
X
\l__fontspec_script_int=\count268
\l__fontspec_language_int=\count269
\l__fontspec_strnum_int=\count270
\l__fontspec_tmp_int=\count271
\l__fontspec_tmpa_int=\count272
\l__fontspec_tmpb_int=\count273
\l__fontspec_tmpc_int=\count274
\l__fontspec_em_int=\count275
\l__fontspec_emdef_int=\count276
\l__fontspec_strong_int=\count277
\l__fontspec_strongdef_int=\count278
\l__fontspec_tmpa_dim=\dimen148
\l__fontspec_tmpb_dim=\dimen149
\l__fontspec_tmpc_dim=\dimen150
(c:/Users/phodg/AppData/Roaming/TinyTeX/texmf-dist/tex/latex/base/fontenc.sty
Package: fontenc 2020/08/10 v2.0s Standard LaTeX package
)
(c:/Users/phodg/AppData/Roaming/TinyTeX/texmf-dist/tex/latex/fontspec/fontspec.
cfg))) (c:/Users/phodg/AppData/Roaming/TinyTeX/texmf-dist/tex/latex/base/fix-cm
.sty
Package: fix-cm 2015/01/14 v1.1t fixes to LaTeX
(c:/Users/phodg/AppData/Roaming/TinyTeX/texmf-dist/tex/latex/base/ts1enc.def
File: ts1enc.def 2001/06/05 v3.0e (jk/car/fm) Standard LaTeX file
LaTeX Font Info:    Redeclaring font encoding TS1 on input line 47.
))
\g__um_fam_int=\count279
\g__um_fonts_used_int=\count280
\l__um_primecount_int=\count281
\g__um_primekern_muskip=\muskip17

(c:/Users/phodg/AppData/Roaming/TinyTeX/texmf-dist/tex/latex/unicode-math/unico
de-math-table.tex)))

Package fontspec Info: Garamond scale = 1.118738386082112.


Package fontspec Info: Garamond scale = 1.118738386082112.


Package fontspec Info: Garamond/B scale = 1.075133617750147.


Package fontspec Info: Garamond/I scale = 1.083048686577561.


Package fontspec Info: Garamond/BI scale = 1.083048686577561.


Package fontspec Info: Font family 'Garamond(0)' created for font 'Garamond'
(fontspec)             with options
(fontspec)             [Scale=MatchLowercase,Ligatures=TeX,Scale=1].
(fontspec)              
(fontspec)              This font family consists of the following NFSS
(fontspec)             series/shapes:
(fontspec)              
(fontspec)             - 'normal' (m/n) with NFSS spec.:
(fontspec)             <->s*[1]"Garamond/OT:language=dflt;mapping=tex-text;"
(fontspec)             - 'small caps'  (m/sc) with NFSS spec.: 
(fontspec)             - 'bold' (b/n) with NFSS spec.:
(fontspec)             <->s*[1]"Garamond/B/OT:language=dflt;mapping=tex-text;"
(fontspec)             - 'bold small caps'  (b/sc) with NFSS spec.: 
(fontspec)             - 'italic' (m/it) with NFSS spec.:
(fontspec)             <->s*[1]"Garamond/I/OT:language=dflt;mapping=tex-text;"
(fontspec)             - 'italic small caps'  (m/scit) with NFSS spec.: 
(fontspec)             - 'bold italic' (b/it) with NFSS spec.:
(fontspec)             <->s*[1]"Garamond/BI/OT:language=dflt;mapping=tex-text;"

(fontspec)             - 'bold italic small caps'  (b/scit) with NFSS spec.: 

LaTeX Font Info:    Font shape `TU/Garamond(0)/m/n' will be
(Font)              scaled to size 12.0pt on input line 20.

Package fontspec Info: Garamond scale = 0.999996699419428.


Package fontspec Info: Garamond scale = 0.999996699419428.


Package fontspec Info: Garamond/B scale = 0.9610200942064613.


Package fontspec Info: Garamond/I scale = 0.9680950661584032.


Package fontspec Info: Garamond/BI scale = 0.9680950661584032.


Package fontspec Info: Font family 'Garamond(1)' created for font 'Garamond'
(fontspec)             with options [Scale=MatchLowercase].
(fontspec)              
(fontspec)              This font family consists of the following NFSS
(fontspec)             series/shapes:
(fontspec)              
(fontspec)             - 'normal' (m/n) with NFSS spec.:
(fontspec)             <->s*[0.999996699419428]"Garamond/OT:language=dflt;"
(fontspec)             - 'small caps'  (m/sc) with NFSS spec.: 
(fontspec)             - 'bold' (b/n) with NFSS spec.:
(fontspec)             <->s*[0.9610200942064613]"Garamond/B/OT:language=dflt;"
(fontspec)             - 'bold small caps'  (b/sc) with NFSS spec.: 
(fontspec)             - 'italic' (m/it) with NFSS spec.:
(fontspec)             <->s*[0.9680950661584032]"Garamond/I/OT:language=dflt;"
(fontspec)             - 'italic small caps'  (m/scit) with NFSS spec.: 
(fontspec)             - 'bold italic' (b/it) with NFSS spec.:
(fontspec)             <->s*[0.9680950661584032]"Garamond/BI/OT:language=dflt;"

(fontspec)             - 'bold italic small caps'  (b/scit) with NFSS spec.: 

LaTeX Font Info:    Overwriting math alphabet `\mathrm' in version `normal'
(Font)                  OT1/lmr/m/n --> TU/Garamond(1)/m/n on input line 20.
LaTeX Font Info:    Overwriting math alphabet `\mathit' in version `normal'
(Font)                  OT1/lmr/m/it --> TU/Garamond(1)/m/it on input line 20.
LaTeX Font Info:    Overwriting math alphabet `\mathbf' in version `normal'
(Font)                  OT1/lmr/bx/n --> TU/Garamond(1)/b/n on input line 20.
(c:/Users/phodg/AppData/Roaming/TinyTeX/texmf-dist/tex/latex/xcolor/xcolor.sty
Package: xcolor 2016/05/11 v2.12 LaTeX color extensions (UK)

(c:/Users/phodg/AppData/Roaming/TinyTeX/texmf-dist/tex/latex/graphics-cfg/color
.cfg
File: color.cfg 2016/01/02 v1.6 sample color configuration
)
Package xcolor Info: Driver file: xetex.def on input line 225.

(c:/Users/phodg/AppData/Roaming/TinyTeX/texmf-dist/tex/latex/graphics-def/xetex
.def
File: xetex.def 2021/03/18 v5.0k Graphics/color driver for xetex
)
Package xcolor Info: Model `cmy' substituted by `cmy0' on input line 1348.
Package xcolor Info: Model `RGB' extended on input line 1364.
Package xcolor Info: Model `HTML' substituted by `rgb' on input line 1366.
Package xcolor Info: Model `Hsb' substituted by `hsb' on input line 1367.
Package xcolor Info: Model `tHsb' substituted by `hsb' on input line 1368.
Package xcolor Info: Model `HSB' substituted by `hsb' on input line 1369.
Package xcolor Info: Model `Gray' substituted by `gray' on input line 1370.
Package xcolor Info: Model `wave' substituted by `hsb' on input line 1371.
)
(c:/Users/phodg/AppData/Roaming/TinyTeX/texmf-dist/tex/latex/hyperref/hyperref.
sty
Package: hyperref 2021-02-27 v7.00k Hypertext links for LaTeX

(c:/Users/phodg/AppData/Roaming/TinyTeX/texmf-dist/tex/generic/ltxcmds/ltxcmds.
sty
Package: ltxcmds 2020-05-10 v1.25 LaTeX kernel commands for general use (HO)
)
(c:/Users/phodg/AppData/Roaming/TinyTeX/texmf-dist/tex/generic/pdftexcmds/pdfte
xcmds.sty
Package: pdftexcmds 2020-06-27 v0.33 Utility functions of pdfTeX for LuaTeX (HO
)

(c:/Users/phodg/AppData/Roaming/TinyTeX/texmf-dist/tex/generic/infwarerr/infwar
err.sty
Package: infwarerr 2019/12/03 v1.5 Providing info/warning/error messages (HO)
)
Package pdftexcmds Info: \pdf@primitive is available.
Package pdftexcmds Info: \pdf@ifprimitive is available.
Package pdftexcmds Info: \pdfdraftmode not found.
)
(c:/Users/phodg/AppData/Roaming/TinyTeX/texmf-dist/tex/latex/graphics/keyval.st
y
Package: keyval 2014/10/28 v1.15 key=value parser (DPC)
\KV@toks@=\toks20
)
(c:/Users/phodg/AppData/Roaming/TinyTeX/texmf-dist/tex/generic/kvsetkeys/kvsetk
eys.sty
Package: kvsetkeys 2019/12/15 v1.18 Key value parser (HO)
)
(c:/Users/phodg/AppData/Roaming/TinyTeX/texmf-dist/tex/generic/kvdefinekeys/kvd
efinekeys.sty
Package: kvdefinekeys 2019-12-19 v1.6 Define keys (HO)
)
(c:/Users/phodg/AppData/Roaming/TinyTeX/texmf-dist/tex/generic/pdfescape/pdfesc
ape.sty
Package: pdfescape 2019/12/09 v1.15 Implements pdfTeX's escape features (HO)
)
(c:/Users/phodg/AppData/Roaming/TinyTeX/texmf-dist/tex/latex/hycolor/hycolor.st
y
Package: hycolor 2020-01-27 v1.10 Color options for hyperref/bookmark (HO)
)
(c:/Users/phodg/AppData/Roaming/TinyTeX/texmf-dist/tex/latex/letltxmacro/letltx
macro.sty
Package: letltxmacro 2019/12/03 v1.6 Let assignment for LaTeX macros (HO)
)
(c:/Users/phodg/AppData/Roaming/TinyTeX/texmf-dist/tex/latex/auxhook/auxhook.st
y
Package: auxhook 2019-12-17 v1.6 Hooks for auxiliary files (HO)
)
(c:/Users/phodg/AppData/Roaming/TinyTeX/texmf-dist/tex/latex/kvoptions/kvoption
s.sty
Package: kvoptions 2020-10-07 v3.14 Key value format for package options (HO)
)
\@linkdim=\dimen151
\Hy@linkcounter=\count282
\Hy@pagecounter=\count283

(c:/Users/phodg/AppData/Roaming/TinyTeX/texmf-dist/tex/latex/hyperref/pd1enc.de
f
File: pd1enc.def 2021-02-27 v7.00k Hyperref: PDFDocEncoding definition (HO)
)
(c:/Users/phodg/AppData/Roaming/TinyTeX/texmf-dist/tex/latex/hyperref/hyperref-
langpatches.def
File: hyperref-langpatches.def 2021-02-27 v7.00k Hyperref: patches for babel la
nguages
)
(c:/Users/phodg/AppData/Roaming/TinyTeX/texmf-dist/tex/generic/intcalc/intcalc.
sty
Package: intcalc 2019/12/15 v1.3 Expandable calculations with integers (HO)
)
(c:/Users/phodg/AppData/Roaming/TinyTeX/texmf-dist/tex/generic/etexcmds/etexcmd
s.sty
Package: etexcmds 2019/12/15 v1.7 Avoid name clashes with e-TeX commands (HO)
)
\Hy@SavedSpaceFactor=\count284

(c:/Users/phodg/AppData/Roaming/TinyTeX/texmf-dist/tex/latex/hyperref/puenc.def
File: puenc.def 2021-02-27 v7.00k Hyperref: PDF Unicode definition (HO)
)
Package hyperref Info: Option `unicode' set `true' on input line 4073.
Package hyperref Info: Hyper figures OFF on input line 4192.
Package hyperref Info: Link nesting OFF on input line 4197.
Package hyperref Info: Hyper index ON on input line 4200.
Package hyperref Info: Plain pages OFF on input line 4207.
Package hyperref Info: Backreferencing OFF on input line 4212.
Package hyperref Info: Implicit mode ON; LaTeX internals redefined.
Package hyperref Info: Bookmarks ON on input line 4445.
\c@Hy@tempcnt=\count285
(c:/Users/phodg/AppData/Roaming/TinyTeX/texmf-dist/tex/latex/url/url.sty
\Urlmuskip=\muskip18
Package: url 2013/09/16  ver 3.4  Verb mode for urls, etc.
)
LaTeX Info: Redefining \url on input line 4804.
\XeTeXLinkMargin=\dimen152

(c:/Users/phodg/AppData/Roaming/TinyTeX/texmf-dist/tex/generic/bitset/bitset.st
y
Package: bitset 2019/12/09 v1.3 Handle bit-vector datatype (HO)

(c:/Users/phodg/AppData/Roaming/TinyTeX/texmf-dist/tex/generic/bigintcalc/bigin
tcalc.sty
Package: bigintcalc 2019/12/15 v1.5 Expandable calculations on big integers (HO
)
))
\Fld@menulength=\count286
\Field@Width=\dimen153
\Fld@charsize=\dimen154
Package hyperref Info: Hyper figures OFF on input line 6075.
Package hyperref Info: Link nesting OFF on input line 6080.
Package hyperref Info: Hyper index ON on input line 6083.
Package hyperref Info: backreferencing OFF on input line 6090.
Package hyperref Info: Link coloring OFF on input line 6095.
Package hyperref Info: Link coloring with OCG OFF on input line 6100.
Package hyperref Info: PDF/A mode OFF on input line 6105.
LaTeX Info: Redefining \ref on input line 6145.
LaTeX Info: Redefining \pageref on input line 6149.

(c:/Users/phodg/AppData/Roaming/TinyTeX/texmf-dist/tex/latex/base/atbegshi-ltx.
sty
Package: atbegshi-ltx 2020/08/17 v1.0a Emulation of the original atbegshi packa
ge
with kernel methods
)
\Hy@abspage=\count287
\c@Item=\count288
\c@Hfootnote=\count289
)
Package hyperref Info: Driver (autodetected): hxetex.

(c:/Users/phodg/AppData/Roaming/TinyTeX/texmf-dist/tex/latex/hyperref/hxetex.de
f
File: hxetex.def 2021-02-27 v7.00k Hyperref driver for XeTeX

(c:/Users/phodg/AppData/Roaming/TinyTeX/texmf-dist/tex/generic/stringenc/string
enc.sty
Package: stringenc 2019/11/29 v1.12 Convert strings between diff. encodings (HO
)
)
\pdfm@box=\box50
\c@Hy@AnnotLevel=\count290
\HyField@AnnotCount=\count291
\Fld@listcount=\count292
\c@bookmark@seq@number=\count293

(c:/Users/phodg/AppData/Roaming/TinyTeX/texmf-dist/tex/latex/rerunfilecheck/rer
unfilecheck.sty
Package: rerunfilecheck 2019/12/05 v1.9 Rerun checks for auxiliary files (HO)

(c:/Users/phodg/AppData/Roaming/TinyTeX/texmf-dist/tex/latex/base/atveryend-ltx
.sty
Package: atveryend-ltx 2020/08/19 v1.0a Emulation of the original atvery packag
e
with kernel methods
)
(c:/Users/phodg/AppData/Roaming/TinyTeX/texmf-dist/tex/generic/uniquecounter/un
iquecounter.sty
Package: uniquecounter 2019/12/15 v1.4 Provide unlimited unique counter (HO)
)
Package uniquecounter Info: New unique counter `rerunfilecheck' on input line 2
86.
)
\Hy@SectionHShift=\skip52
)
(c:/Users/phodg/AppData/Roaming/TinyTeX/texmf-dist/tex/latex/geometry/geometry.
sty
Package: geometry 2020/01/02 v5.9 Page Geometry

(c:/Users/phodg/AppData/Roaming/TinyTeX/texmf-dist/tex/generic/iftex/ifvtex.sty
Package: ifvtex 2019/10/25 v1.7 ifvtex legacy package. Use iftex instead.
)
\Gm@cnth=\count294
\Gm@cntv=\count295
\c@Gm@tempcnt=\count296
\Gm@bindingoffset=\dimen155
\Gm@wd@mp=\dimen156
\Gm@odd@mp=\dimen157
\Gm@even@mp=\dimen158
\Gm@layoutwidth=\dimen159
\Gm@layoutheight=\dimen160
\Gm@layouthoffset=\dimen161
\Gm@layoutvoffset=\dimen162
\Gm@dimlist=\toks21
)
(c:/Users/phodg/AppData/Roaming/TinyTeX/texmf-dist/tex/latex/graphics/graphicx.
sty
Package: graphicx 2020/09/09 v1.2b Enhanced LaTeX Graphics (DPC,SPQR)

(c:/Users/phodg/AppData/Roaming/TinyTeX/texmf-dist/tex/latex/graphics/graphics.
sty
Package: graphics 2020/08/30 v1.4c Standard LaTeX Graphics (DPC,SPQR)
(c:/Users/phodg/AppData/Roaming/TinyTeX/texmf-dist/tex/latex/graphics/trig.sty
Package: trig 2016/01/03 v1.10 sin cos tan (DPC)
)
(c:/Users/phodg/AppData/Roaming/TinyTeX/texmf-dist/tex/latex/graphics-cfg/graph
ics.cfg
File: graphics.cfg 2016/06/04 v1.11 sample graphics configuration
)
Package graphics Info: Driver file: xetex.def on input line 105.
)
\Gin@req@height=\dimen163
\Gin@req@width=\dimen164
)
(c:/Users/phodg/AppData/Roaming/TinyTeX/texmf-dist/tex/latex/biblatex/biblatex.
sty
Package: biblatex 2020/12/31 v3.16 programmable bibliographies (PK/MW)

(c:/Users/phodg/AppData/Roaming/TinyTeX/texmf-dist/tex/latex/etoolbox/etoolbox.
sty
Package: etoolbox 2020/10/05 v2.5k e-TeX tools for LaTeX (JAW)
\etb@tempcnta=\count297
) (c:/Users/phodg/AppData/Roaming/TinyTeX/texmf-dist/tex/latex/logreq/logreq.st
y
Package: logreq 2010/08/04 v1.0 xml request logger
\lrq@indent=\count298
(c:/Users/phodg/AppData/Roaming/TinyTeX/texmf-dist/tex/latex/logreq/logreq.def
File: logreq.def 2010/08/04 v1.0 logreq spec v1.0
)) (c:/Users/phodg/AppData/Roaming/TinyTeX/texmf-dist/tex/latex/base/ifthen.sty
Package: ifthen 2014/09/29 v1.1c Standard LaTeX ifthen package (DPC)
)
\c@tabx@nest=\count299
\c@listtotal=\count300
\c@listcount=\count301
\c@liststart=\count302
\c@liststop=\count303
\c@citecount=\count304
\c@citetotal=\count305
\c@multicitecount=\count306
\c@multicitetotal=\count307
\c@instcount=\count308
\c@maxnames=\count309
\c@minnames=\count310
\c@maxitems=\count311
\c@minitems=\count312
\c@citecounter=\count313
\c@maxcitecounter=\count314
\c@savedcitecounter=\count315
\c@uniquelist=\count316
\c@uniquename=\count317
\c@refsection=\count318
\c@refsegment=\count319
\c@maxextratitle=\count320
\c@maxextratitleyear=\count321
\c@maxextraname=\count322
\c@maxextradate=\count323
\c@maxextraalpha=\count324
\c@abbrvpenalty=\count325
\c@highnamepenalty=\count326
\c@lownamepenalty=\count327
\c@maxparens=\count328
\c@parenlevel=\count329
\blx@tempcnta=\count330
\blx@tempcntb=\count331
\blx@tempcntc=\count332
\blx@maxsection=\count333
\blx@maxsegment@0=\count334
\blx@notetype=\count335
\blx@parenlevel@text=\count336
\blx@parenlevel@foot=\count337
\blx@sectionciteorder@0=\count338
\blx@entrysetcounter=\count339
\blx@biblioinstance=\count340
\labelnumberwidth=\skip53
\labelalphawidth=\skip54
\biblabelsep=\skip55
\bibitemsep=\skip56
\bibnamesep=\skip57
\bibinitsep=\skip58
\bibparsep=\skip59
\bibhang=\skip60
\blx@bcfin=\read2
\blx@bcfout=\write3
\blx@langwohyphens=\language3
\c@mincomprange=\count341
\c@maxcomprange=\count342
\c@mincompwidth=\count343
Package biblatex Info: Trying to load biblatex default data model...
Package biblatex Info: ... file 'blx-dm.def' found.

(c:/Users/phodg/AppData/Roaming/TinyTeX/texmf-dist/tex/latex/biblatex/blx-dm.de
f
File: blx-dm.def 2020/12/31 v3.16 biblatex localization (PK/MW)
)
Package biblatex Info: Trying to load biblatex style data model...
Package biblatex Info: ... file 'numeric.dbx' not found.
Package biblatex Info: Trying to load biblatex custom data model...
Package biblatex Info: ... file 'biblatex-dm.cfg' not found.
\c@afterword=\count344
\c@savedafterword=\count345
\c@annotator=\count346
\c@savedannotator=\count347
\c@author=\count348
\c@savedauthor=\count349
\c@bookauthor=\count350
\c@savedbookauthor=\count351
\c@commentator=\count352
\c@savedcommentator=\count353
\c@editor=\count354
\c@savededitor=\count355
\c@editora=\count356
\c@savededitora=\count357
\c@editorb=\count358
\c@savededitorb=\count359
\c@editorc=\count360
\c@savededitorc=\count361
\c@foreword=\count362
\c@savedforeword=\count363
\c@holder=\count364
\c@savedholder=\count365
\c@introduction=\count366
\c@savedintroduction=\count367
\c@namea=\count368
\c@savednamea=\count369
\c@nameb=\count370
\c@savednameb=\count371
\c@namec=\count372
\c@savednamec=\count373
\c@translator=\count374
\c@savedtranslator=\count375
\c@shortauthor=\count376
\c@savedshortauthor=\count377
\c@shorteditor=\count378
\c@savedshorteditor=\count379
\c@labelname=\count380
\c@savedlabelname=\count381
\c@institution=\count382
\c@savedinstitution=\count383
\c@lista=\count384
\c@savedlista=\count385
\c@listb=\count386
\c@savedlistb=\count387
\c@listc=\count388
\c@savedlistc=\count389
\c@listd=\count390
\c@savedlistd=\count391
\c@liste=\count392
\c@savedliste=\count393
\c@listf=\count394
\c@savedlistf=\count395
\c@location=\count396
\c@savedlocation=\count397
\c@organization=\count398
\c@savedorganization=\count399
\c@origlocation=\count400
\c@savedoriglocation=\count401
\c@origpublisher=\count402
\c@savedorigpublisher=\count403
\c@publisher=\count404
\c@savedpublisher=\count405
\c@language=\count406
\c@savedlanguage=\count407
\c@origlanguage=\count408
\c@savedoriglanguage=\count409
\c@pageref=\count410
\c@savedpageref=\count411
\shorthandwidth=\skip61
\shortjournalwidth=\skip62
\shortserieswidth=\skip63
\shorttitlewidth=\skip64
\shortauthorwidth=\skip65
\shorteditorwidth=\skip66
\locallabelnumberwidth=\skip67
\locallabelalphawidth=\skip68
\localshorthandwidth=\skip69
\localshortjournalwidth=\skip70
\localshortserieswidth=\skip71
\localshorttitlewidth=\skip72
\localshortauthorwidth=\skip73
\localshorteditorwidth=\skip74
Package biblatex Info: Trying to load enhanced support for Unicode engines...
Package biblatex Info: ... file 'blx-unicode.def' found.

(c:/Users/phodg/AppData/Roaming/TinyTeX/texmf-dist/tex/latex/biblatex/blx-unico
de.def)
Package biblatex Info: Trying to load compatibility code...
Package biblatex Info: ... file 'blx-compat.def' found.

(c:/Users/phodg/AppData/Roaming/TinyTeX/texmf-dist/tex/latex/biblatex/blx-compa
t.def
File: blx-compat.def 2020/12/31 v3.16 biblatex compatibility (PK/MW)
)
Package biblatex Info: Trying to load generic definitions...
Package biblatex Info: ... file 'biblatex.def' found.

(c:/Users/phodg/AppData/Roaming/TinyTeX/texmf-dist/tex/latex/biblatex/biblatex.
def
File: biblatex.def 2020/12/31 v3.16 biblatex compatibility (PK/MW)
\c@textcitecount=\count412
\c@textcitetotal=\count413
\c@textcitemaxnames=\count414
\c@biburlbigbreakpenalty=\count415
\c@biburlbreakpenalty=\count416
\c@biburlnumpenalty=\count417
\c@biburlucpenalty=\count418
\c@biburllcpenalty=\count419
\biburlbigskip=\muskip19
\biburlnumskip=\muskip20
\biburlucskip=\muskip21
\biburllcskip=\muskip22
\c@smartand=\count420
)
Package biblatex Info: Trying to load bibliography style 'numeric'...
Package biblatex Info: ... file 'numeric.bbx' found.

(c:/Users/phodg/AppData/Roaming/TinyTeX/texmf-dist/tex/latex/biblatex/bbx/numer
ic.bbx
File: numeric.bbx 2020/12/31 v3.16 biblatex bibliography style (PK/MW)
Package biblatex Info: Trying to load bibliography style 'standard'...
Package biblatex Info: ... file 'standard.bbx' found.

(c:/Users/phodg/AppData/Roaming/TinyTeX/texmf-dist/tex/latex/biblatex/bbx/stand
ard.bbx
File: standard.bbx 2020/12/31 v3.16 biblatex bibliography style (PK/MW)
\c@bbx:relatedcount=\count421
\c@bbx:relatedtotal=\count422
))
Package biblatex Info: Trying to load citation style 'numeric'...
Package biblatex Info: ... file 'numeric.cbx' found.

(c:/Users/phodg/AppData/Roaming/TinyTeX/texmf-dist/tex/latex/biblatex/cbx/numer
ic.cbx
File: numeric.cbx 2020/12/31 v3.16 biblatex citation style (PK/MW)
Package biblatex Info: Redefining '\cite'.
Package biblatex Info: Redefining '\parencite'.
Package biblatex Info: Redefining '\footcite'.
Package biblatex Info: Redefining '\footcitetext'.
Package biblatex Info: Redefining '\smartcite'.
Package biblatex Info: Redefining '\supercite'.
Package biblatex Info: Redefining '\textcite'.
Package biblatex Info: Redefining '\textcites'.
Package biblatex Info: Redefining '\cites'.
Package biblatex Info: Redefining '\parencites'.
Package biblatex Info: Redefining '\smartcites'.
)
Package biblatex Info: Trying to load configuration file...
Package biblatex Info: ... file 'biblatex.cfg' found.

(c:/Users/phodg/AppData/Roaming/TinyTeX/texmf-dist/tex/latex/biblatex/biblatex.
cfg
File: biblatex.cfg 
))
\@quotelevel=\count423
\@quotereset=\count424

(./nlmlb_a-statistical-analysis-of-integration-and-the-negro-league_pahodgetts.
aux)
\openout1 = `nlmlb_a-statistical-analysis-of-integration-and-the-negro-league_p
ahodgetts.aux'.

LaTeX Font Info:    Checking defaults for OML/cmm/m/it on input line 75.
LaTeX Font Info:    ... okay on input line 75.
LaTeX Font Info:    Checking defaults for OMS/cmsy/m/n on input line 75.
LaTeX Font Info:    ... okay on input line 75.
LaTeX Font Info:    Checking defaults for OT1/cmr/m/n on input line 75.
LaTeX Font Info:    ... okay on input line 75.
LaTeX Font Info:    Checking defaults for T1/cmr/m/n on input line 75.
LaTeX Font Info:    ... okay on input line 75.
LaTeX Font Info:    Checking defaults for TS1/cmr/m/n on input line 75.
LaTeX Font Info:    ... okay on input line 75.
LaTeX Font Info:    Checking defaults for TU/lmr/m/n on input line 75.
LaTeX Font Info:    ... okay on input line 75.
LaTeX Font Info:    Checking defaults for OMX/cmex/m/n on input line 75.
LaTeX Font Info:    ... okay on input line 75.
LaTeX Font Info:    Checking defaults for U/cmr/m/n on input line 75.
LaTeX Font Info:    ... okay on input line 75.
LaTeX Font Info:    Checking defaults for PD1/pdf/m/n on input line 75.
LaTeX Font Info:    ... okay on input line 75.
LaTeX Font Info:    Checking defaults for PU/pdf/m/n on input line 75.
LaTeX Font Info:    ... okay on input line 75.
LaTeX Font Info:    Overwriting math alphabet `\mathsf' in version `normal'
(Font)                  OT1/lmss/m/n --> TU/lmss/m/n on input line 75.
LaTeX Font Info:    Overwriting math alphabet `\mathsf' in version `bold'
(Font)                  OT1/lmss/bx/n --> TU/lmss/b/n on input line 75.
LaTeX Font Info:    Overwriting math alphabet `\mathtt' in version `normal'
(Font)                  OT1/lmtt/m/n --> TU/lmtt/m/n on input line 75.
LaTeX Font Info:    Overwriting math alphabet `\mathtt' in version `bold'
(Font)                  OT1/lmtt/m/n --> TU/lmtt/b/n on input line 75.

Package fontspec Info: latinmodern-math scale = 0.8938584405507549.


Package fontspec Info: latinmodern-math scale = 0.8938584405507549.


Package fontspec Info: latinmodern-math scale = 0.8938584405507549.


Package fontspec Info: Font family 'latinmodern-math.otf(0)' created for font
(fontspec)             'latinmodern-math.otf' with options
(fontspec)             [Scale=MatchLowercase,BoldItalicFont={},ItalicFont={},Sm
allCapsFont={},Script=Math,BoldFont={latinmodern-math.otf}].
(fontspec)              
(fontspec)              This font family consists of the following NFSS
(fontspec)             series/shapes:
(fontspec)              
(fontspec)             - 'normal' (m/n) with NFSS spec.:
(fontspec)             <->s*[0.8938584405507549]"[latinmodern-math.otf]/OT:scri
pt=math;language=dflt;"
(fontspec)             - 'small caps'  (m/sc) with NFSS spec.: 
(fontspec)             - 'bold' (b/n) with NFSS spec.:
(fontspec)             <->s*[0.8938584405507549]"[latinmodern-math.otf]/OT:scri
pt=math;language=dflt;"
(fontspec)             - 'bold small caps'  (b/sc) with NFSS spec.: 

LaTeX Font Info:    Font shape `TU/latinmodern-math.otf(0)/m/n' will be
(Font)              scaled to size 10.72632pt on input line 75.

Package fontspec Info: latinmodern-math scale = 0.8938584405507549.


Package fontspec Info: latinmodern-math scale = 0.8938584405507549.


Package fontspec Info: latinmodern-math scale = 0.8938584405507549.


Package fontspec Info: latinmodern-math scale = 0.8938584405507549.


Package fontspec Info: latinmodern-math scale = 0.8938584405507549.


Package fontspec Info: Font family 'latinmodern-math.otf(1)' created for font
(fontspec)             'latinmodern-math.otf' with options
(fontspec)             [Scale=MatchLowercase,BoldItalicFont={},ItalicFont={},Sm
allCapsFont={},Script=Math,SizeFeatures={{Size=10.2-},{Size=7.2-10.2,Font=latin
modern-math.otf,Style=MathScript},{Size=-7.2,Font=latinmodern-math.otf,Style=Ma
thScriptScript}},BoldFont={latinmodern-math.otf}].
(fontspec)              
(fontspec)              This font family consists of the following NFSS
(fontspec)             series/shapes:
(fontspec)              
(fontspec)             - 'normal' (m/n) with NFSS spec.:
(fontspec)             <10.2->s*[0.8938584405507549]"[latinmodern-math.otf]/OT:
script=math;language=dflt;"<7.2-10.2>s*[0.8938584405507549]"[latinmodern-math.o
tf]/OT:script=math;language=dflt;+ssty=0;"<-7.2>s*[0.8938584405507549]"[latinmo
dern-math.otf]/OT:script=math;language=dflt;+ssty=1;"
(fontspec)             - 'small caps'  (m/sc) with NFSS spec.: 
(fontspec)             - 'bold' (b/n) with NFSS spec.:
(fontspec)             <->s*[0.8938584405507549]"[latinmodern-math.otf]/OT:scri
pt=math;language=dflt;"
(fontspec)             - 'bold small caps'  (b/sc) with NFSS spec.: 

LaTeX Font Info:    Font shape `TU/latinmodern-math.otf(1)/m/n' will be
(Font)              scaled to size 10.72632pt on input line 75.
LaTeX Font Info:    Encoding `OT1' has changed to `TU' for symbol font
(Font)              `operators' in the math version `normal' on input line 75.
LaTeX Font Info:    Overwriting symbol font `operators' in version `normal'
(Font)                  OT1/lmr/m/n --> TU/latinmodern-math.otf(1)/m/n on input
 line 75.
LaTeX Font Info:    Encoding `OT1' has changed to `TU' for symbol font
(Font)              `operators' in the math version `bold' on input line 75.
LaTeX Font Info:    Overwriting symbol font `operators' in version `bold'
(Font)                  OT1/lmr/bx/n --> TU/latinmodern-math.otf(1)/b/n on inpu
t line 75.

Package fontspec Info: latinmodern-math scale = 0.8938584405507549.


Package fontspec Info: latinmodern-math scale = 0.89394782639481.


Package fontspec Info: latinmodern-math scale = 0.8938584405507549.


Package fontspec Info: latinmodern-math scale = 0.89394782639481.


Package fontspec Info: latinmodern-math scale = 0.8938584405507549.


Package fontspec Info: latinmodern-math scale = 0.89394782639481.


Package fontspec Info: latinmodern-math scale = 0.8938584405507549.


Package fontspec Info: latinmodern-math scale = 0.89394782639481.


Package fontspec Info: latinmodern-math scale = 0.8938584405507549.


Package fontspec Info: latinmodern-math scale = 0.89394782639481.


Package fontspec Info: Font family 'latinmodern-math.otf(2)' created for font
(fontspec)             'latinmodern-math.otf' with options
(fontspec)             [Scale=MatchLowercase,BoldItalicFont={},ItalicFont={},Sm
allCapsFont={},Script=Math,SizeFeatures={{Size=10.2-},{Size=7.2-10.2,Font=latin
modern-math.otf,Style=MathScript},{Size=-7.2,Font=latinmodern-math.otf,Style=Ma
thScriptScript}},BoldFont={latinmodern-math.otf},ScaleAgain=1.0001,FontAdjustme
nt={\fontdimen
(fontspec)             8\font =7.26172pt\relax \fontdimen 9\font
(fontspec)             =4.22617pt\relax \fontdimen 10\font =4.76248pt\relax
(fontspec)             \fontdimen 11\font =7.35826pt\relax \fontdimen 12\font
(fontspec)             =3.70058pt\relax \fontdimen 13\font =3.89365pt\relax
(fontspec)             \fontdimen 14\font =3.89365pt\relax \fontdimen 15\font
(fontspec)             =3.0999pt\relax \fontdimen 16\font =2.6494pt\relax
(fontspec)             \fontdimen 17\font =2.6494pt\relax \fontdimen 18\font
(fontspec)             =2.68158pt\relax \fontdimen 19\font =2.14526pt\relax
(fontspec)             \fontdimen 22\font =2.68158pt\relax \fontdimen 20\font
(fontspec)             =0pt\relax \fontdimen 21\font =0pt\relax }].
(fontspec)              
(fontspec)              This font family consists of the following NFSS
(fontspec)             series/shapes:
(fontspec)              
(fontspec)             - 'normal' (m/n) with NFSS spec.:
(fontspec)             <10.2->s*[0.89394782639481]"[latinmodern-math.otf]/OT:sc
ript=math;language=dflt;"<7.2-10.2>s*[0.89394782639481]"[latinmodern-math.otf]/
OT:script=math;language=dflt;+ssty=0;"<-7.2>s*[0.89394782639481]"[latinmodern-m
ath.otf]/OT:script=math;language=dflt;+ssty=1;"
(fontspec)             - 'small caps'  (m/sc) with NFSS spec.: 
(fontspec)             and font adjustment code:
(fontspec)             \fontdimen 8\font =7.26172pt\relax \fontdimen 9\font
(fontspec)             =4.22617pt\relax \fontdimen 10\font =4.76248pt\relax
(fontspec)             \fontdimen 11\font =7.35826pt\relax \fontdimen 12\font
(fontspec)             =3.70058pt\relax \fontdimen 13\font =3.89365pt\relax
(fontspec)             \fontdimen 14\font =3.89365pt\relax \fontdimen 15\font
(fontspec)             =3.0999pt\relax \fontdimen 16\font =2.6494pt\relax
(fontspec)             \fontdimen 17\font =2.6494pt\relax \fontdimen 18\font
(fontspec)             =2.68158pt\relax \fontdimen 19\font =2.14526pt\relax
(fontspec)             \fontdimen 22\font =2.68158pt\relax \fontdimen 20\font
(fontspec)             =0pt\relax \fontdimen 21\font =0pt\relax 
(fontspec)             - 'bold' (b/n) with NFSS spec.:
(fontspec)             <->s*[0.89394782639481]"[latinmodern-math.otf]/OT:script
=math;language=dflt;"
(fontspec)             - 'bold small caps'  (b/sc) with NFSS spec.: 
(fontspec)             and font adjustment code:
(fontspec)             \fontdimen 8\font =7.26172pt\relax \fontdimen 9\font
(fontspec)             =4.22617pt\relax \fontdimen 10\font =4.76248pt\relax
(fontspec)             \fontdimen 11\font =7.35826pt\relax \fontdimen 12\font
(fontspec)             =3.70058pt\relax \fontdimen 13\font =3.89365pt\relax
(fontspec)             \fontdimen 14\font =3.89365pt\relax \fontdimen 15\font
(fontspec)             =3.0999pt\relax \fontdimen 16\font =2.6494pt\relax
(fontspec)             \fontdimen 17\font =2.6494pt\relax \fontdimen 18\font
(fontspec)             =2.68158pt\relax \fontdimen 19\font =2.14526pt\relax
(fontspec)             \fontdimen 22\font =2.68158pt\relax \fontdimen 20\font
(fontspec)             =0pt\relax \fontdimen 21\font =0pt\relax 

LaTeX Font Info:    Encoding `OMS' has changed to `TU' for symbol font
(Font)              `symbols' in the math version `normal' on input line 75.
LaTeX Font Info:    Overwriting symbol font `symbols' in version `normal'
(Font)                  OMS/lmsy/m/n --> TU/latinmodern-math.otf(2)/m/n on inpu
t line 75.
LaTeX Font Info:    Encoding `OMS' has changed to `TU' for symbol font
(Font)              `symbols' in the math version `bold' on input line 75.
LaTeX Font Info:    Overwriting symbol font `symbols' in version `bold'
(Font)                  OMS/lmsy/b/n --> TU/latinmodern-math.otf(2)/b/n on inpu
t line 75.

Package fontspec Info: latinmodern-math scale = 0.8938584405507549.


Package fontspec Info: latinmodern-math scale = 0.8937690547066998.


Package fontspec Info: latinmodern-math scale = 0.8938584405507549.


Package fontspec Info: latinmodern-math scale = 0.8937690547066998.


Package fontspec Info: latinmodern-math scale = 0.8938584405507549.


Package fontspec Info: latinmodern-math scale = 0.8937690547066998.


Package fontspec Info: latinmodern-math scale = 0.8938584405507549.


Package fontspec Info: latinmodern-math scale = 0.8937690547066998.


Package fontspec Info: latinmodern-math scale = 0.8938584405507549.


Package fontspec Info: latinmodern-math scale = 0.8937690547066998.


Package fontspec Info: Font family 'latinmodern-math.otf(3)' created for font
(fontspec)             'latinmodern-math.otf' with options
(fontspec)             [Scale=MatchLowercase,BoldItalicFont={},ItalicFont={},Sm
allCapsFont={},Script=Math,SizeFeatures={{Size=10.2-},{Size=7.2-10.2,Font=latin
modern-math.otf,Style=MathScript},{Size=-7.2,Font=latinmodern-math.otf,Style=Ma
thScriptScript}},BoldFont={latinmodern-math.otf},ScaleAgain=0.9999,FontAdjustme
nt={\fontdimen
(fontspec)             8\font =0.42905pt\relax \fontdimen 9\font
(fontspec)             =2.14526pt\relax \fontdimen 10\font =1.79129pt\relax
(fontspec)             \fontdimen 11\font =1.19063pt\relax \fontdimen 12\font
(fontspec)             =6.43579pt\relax \fontdimen 13\font =0pt\relax }].
(fontspec)              
(fontspec)              This font family consists of the following NFSS
(fontspec)             series/shapes:
(fontspec)              
(fontspec)             - 'normal' (m/n) with NFSS spec.:
(fontspec)             <10.2->s*[0.8937690547066998]"[latinmodern-math.otf]/OT:
script=math;language=dflt;"<7.2-10.2>s*[0.8937690547066998]"[latinmodern-math.o
tf]/OT:script=math;language=dflt;+ssty=0;"<-7.2>s*[0.8937690547066998]"[latinmo
dern-math.otf]/OT:script=math;language=dflt;+ssty=1;"
(fontspec)             - 'small caps'  (m/sc) with NFSS spec.: 
(fontspec)             and font adjustment code:
(fontspec)             \fontdimen 8\font =0.42905pt\relax \fontdimen 9\font
(fontspec)             =2.14526pt\relax \fontdimen 10\font =1.79129pt\relax
(fontspec)             \fontdimen 11\font =1.19063pt\relax \fontdimen 12\font
(fontspec)             =6.43579pt\relax \fontdimen 13\font =0pt\relax 
(fontspec)             - 'bold' (b/n) with NFSS spec.:
(fontspec)             <->s*[0.8937690547066998]"[latinmodern-math.otf]/OT:scri
pt=math;language=dflt;"
(fontspec)             - 'bold small caps'  (b/sc) with NFSS spec.: 
(fontspec)             and font adjustment code:
(fontspec)             \fontdimen 8\font =0.42905pt\relax \fontdimen 9\font
(fontspec)             =2.14526pt\relax \fontdimen 10\font =1.79129pt\relax
(fontspec)             \fontdimen 11\font =1.19063pt\relax \fontdimen 12\font
(fontspec)             =6.43579pt\relax \fontdimen 13\font =0pt\relax 

LaTeX Font Info:    Encoding `OMX' has changed to `TU' for symbol font
(Font)              `largesymbols' in the math version `normal' on input line 7
5.
LaTeX Font Info:    Overwriting symbol font `largesymbols' in version `normal'
(Font)                  OMX/lmex/m/n --> TU/latinmodern-math.otf(3)/m/n on inpu
t line 75.
LaTeX Font Info:    Encoding `OMX' has changed to `TU' for symbol font
(Font)              `largesymbols' in the math version `bold' on input line 75.

LaTeX Font Info:    Overwriting symbol font `largesymbols' in version `bold'
(Font)                  OMX/lmex/m/n --> TU/latinmodern-math.otf(3)/b/n on inpu
t line 75.
Package hyperref Info: Link coloring OFF on input line 75.

(c:/Users/phodg/AppData/Roaming/TinyTeX/texmf-dist/tex/latex/hyperref/nameref.s
ty
Package: nameref 2021-04-02 v2.47 Cross-referencing by name of section

(c:/Users/phodg/AppData/Roaming/TinyTeX/texmf-dist/tex/latex/refcount/refcount.
sty
Package: refcount 2019/12/15 v3.6 Data extraction from label references (HO)
)
(c:/Users/phodg/AppData/Roaming/TinyTeX/texmf-dist/tex/generic/gettitlestring/g
ettitlestring.sty
Package: gettitlestring 2019/12/15 v1.6 Cleanup title references (HO)
)
\c@section@level=\count425
)
LaTeX Info: Redefining \ref on input line 75.
LaTeX Info: Redefining \pageref on input line 75.
LaTeX Info: Redefining \nameref on input line 75.

(./nlmlb_a-statistical-analysis-of-integration-and-the-negro-league_pahodgetts.
out)
(./nlmlb_a-statistical-analysis-of-integration-and-the-negro-league_pahodgetts.
out)
\@outlinefile=\write4
\openout4 = `nlmlb_a-statistical-analysis-of-integration-and-the-negro-league_p
ahodgetts.out'.

*geometry* driver: auto-detecting
*geometry* detected driver: xetex
*geometry* verbose mode - [ preamble ] result:
* driver: xetex
* paper: <default>
* layout: <same size as paper>
* layoutoffset:(h,v)=(0.0pt,0.0pt)
* modes: 
* h-part:(L,W,R)=(72.26999pt, 469.75502pt, 72.26999pt)
* v-part:(T,H,B)=(72.26999pt, 650.43001pt, 72.26999pt)
* \paperwidth=614.295pt
* \paperheight=794.96999pt
* \textwidth=469.75502pt
* \textheight=650.43001pt
* \oddsidemargin=0.0pt
* \evensidemargin=0.0pt
* \topmargin=-37.0pt
* \headheight=12.0pt
* \headsep=25.0pt
* \topskip=12.0pt
* \footskip=30.0pt
* \marginparwidth=44.0pt
* \marginparsep=10.0pt
* \columnsep=10.0pt
* \skip\footins=10.8pt plus 4.0pt minus 2.0pt
* \hoffset=0.0pt
* \voffset=0.0pt
* \mag=1000
* \@twocolumnfalse
* \@twosidefalse
* \@mparswitchfalse
* \@reversemarginfalse
* (1in=72.27pt=25.4mm, 1cm=28.453pt)

Package biblatex Info: Trying to load language 'english'...
Package biblatex Info: ... file 'english.lbx' found.

(c:/Users/phodg/AppData/Roaming/TinyTeX/texmf-dist/tex/latex/biblatex/lbx/engli
sh.lbx
File: english.lbx 2020/12/31 v3.16 biblatex localization (PK/MW)
)
Package biblatex Info: XeTeX detected.
(biblatex)             Assuming input encoding 'utf8'.
Package biblatex Info: Automatic encoding selection.
(biblatex)             Assuming data encoding 'utf8'.
Package biblatex Info: Document encoding is UTF8 ....
Package biblatex Info: ... and expl3
(biblatex)             2021-02-18 L3 programming layer (loader) 
(biblatex)             is new enough (at least 2020/04/06),
(biblatex)             setting 'casechanger=expl3'.

(c:/Users/phodg/AppData/Roaming/TinyTeX/texmf-dist/tex/latex/biblatex/blx-case-
expl3.sty
Package: blx-case-expl3 2020/12/31 v3.16 expl3 case changing code for biblatex
)
\openout3 = `nlmlb_a-statistical-analysis-of-integration-and-the-negro-league_p
ahodgetts.bcf'.

Package biblatex Info: Trying to load bibliographic data...
Package biblatex Info: ... file 'nlmlb_a-statistical-analysis-of-integration-an
d-the-negro-league_pahodgetts.bbl' found.

(./nlmlb_a-statistical-analysis-of-integration-and-the-negro-league_pahodgetts.
bbl

Package biblatex Warning: The following entry could not be found
(biblatex)                in the database:
(biblatex)                pdftools
(biblatex)                Please verify the spelling and rerun
(biblatex)                LaTeX afterwards.

)
Package biblatex Info: Reference section=0 on input line 75.
Package biblatex Info: Reference segment=0 on input line 75.
LaTeX Font Info:    Font shape `TU/Garamond(0)/m/n' will be
(Font)              scaled to size 20.74pt on input line 77.
LaTeX Font Info:    Font shape `TU/Garamond(0)/m/n' will be
(Font)              scaled to size 14.4pt on input line 77.
LaTeX Font Info:    Font shape `TU/latinmodern-math.otf(1)/m/n' will be
(Font)              scaled to size 12.87157pt on input line 77.
LaTeX Font Info:    Font shape `TU/latinmodern-math.otf(1)/m/n' will be
(Font)              scaled to size 8.9386pt on input line 77.
LaTeX Font Info:    Font shape `TU/latinmodern-math.otf(1)/m/n' will be
(Font)              scaled to size 6.25702pt on input line 77.
LaTeX Font Info:    Trying to load font information for OML+lmm on input line 7
7.
(c:/Users/phodg/AppData/Roaming/TinyTeX/texmf-dist/tex/latex/lm/omllmm.fd
File: omllmm.fd 2015/05/01 v1.6.1 Font defs for Latin Modern
)
LaTeX Font Info:    Font shape `TU/latinmodern-math.otf(2)/m/n' will be
(Font)              scaled to size 12.8729pt on input line 77.
LaTeX Font Info:    Font shape `TU/latinmodern-math.otf(2)/m/n' will be
(Font)              scaled to size 8.93951pt on input line 77.
LaTeX Font Info:    Font shape `TU/latinmodern-math.otf(2)/m/n' will be
(Font)              scaled to size 6.25766pt on input line 77.
LaTeX Font Info:    Font shape `TU/latinmodern-math.otf(3)/m/n' will be
(Font)              scaled to size 12.87025pt on input line 77.
LaTeX Font Info:    Font shape `TU/latinmodern-math.otf(3)/m/n' will be
(Font)              scaled to size 8.93768pt on input line 77.
LaTeX Font Info:    Font shape `TU/latinmodern-math.otf(3)/m/n' will be
(Font)              scaled to size 6.25638pt on input line 77.
LaTeX Font Info:    Trying to load font information for U+msa on input line 77.

(c:/Users/phodg/AppData/Roaming/TinyTeX/texmf-dist/tex/latex/amsfonts/umsa.fd
File: umsa.fd 2013/01/14 v3.01 AMS symbols A
)
LaTeX Font Info:    Trying to load font information for U+msb on input line 77.

(c:/Users/phodg/AppData/Roaming/TinyTeX/texmf-dist/tex/latex/amsfonts/umsb.fd
File: umsb.fd 2013/01/14 v3.01 AMS symbols B
)
LaTeX Font Info:    Font shape `TU/Garamond(0)/m/n' will be
(Font)              scaled to size 10.95pt on input line 77.
LaTeX Font Info:    Font shape `TU/Garamond(0)/b/n' will be
(Font)              scaled to size 10.95pt on input line 77.
LaTeX Font Info:    Font shape `TU/Garamond(0)/m/n' will be
(Font)              scaled to size 17.28pt on input line 90.
LaTeX Font Info:    Font shape `TU/Garamond(0)/b/n' will be
(Font)              scaled to size 17.28pt on input line 90.
[1

] [2]
LaTeX Font Info:    Font shape `TU/Garamond(0)/b/n' will be
(Font)              scaled to size 14.4pt on input line 191.
LaTeX Font Info:    Font shape `TU/Garamond(0)/b/n' will be
(Font)              scaled to size 12.0pt on input line 242.
[3]
LaTeX Font Info:    Font shape `TU/Garamond(0)/m/it' will be
(Font)              scaled to size 12.0pt on input line 255.
LaTeX Font Info:    Font shape `TU/latinmodern-math.otf(1)/m/n' will be
(Font)              scaled to size 7.5084pt on input line 255.
LaTeX Font Info:    Font shape `TU/latinmodern-math.otf(1)/m/n' will be
(Font)              scaled to size 5.36316pt on input line 255.
LaTeX Font Info:    Font shape `TU/latinmodern-math.otf(2)/m/n' will be
(Font)              scaled to size 10.72742pt on input line 255.
LaTeX Font Info:    Font shape `TU/latinmodern-math.otf(2)/m/n' will be
(Font)              scaled to size 7.50919pt on input line 255.
LaTeX Font Info:    Font shape `TU/latinmodern-math.otf(2)/m/n' will be
(Font)              scaled to size 5.36371pt on input line 255.
LaTeX Font Info:    Font shape `TU/latinmodern-math.otf(3)/m/n' will be
(Font)              scaled to size 10.72522pt on input line 255.
LaTeX Font Info:    Font shape `TU/latinmodern-math.otf(3)/m/n' will be
(Font)              scaled to size 7.50764pt on input line 255.
LaTeX Font Info:    Font shape `TU/latinmodern-math.otf(3)/m/n' will be
(Font)              scaled to size 5.36261pt on input line 255.
[4]
(./nlmlb_a-statistical-analysis-of-integration-and-the-negro-league_pahodgetts.
aux)
Package rerunfilecheck Info: File `nlmlb_a-statistical-analysis-of-integration-
and-the-negro-league_pahodgetts.out' has not changed.
(rerunfilecheck)             Checksum: 49E19B890CED5A4930C9A656889D72DF;585.
Package logreq Info: Writing requests to 'nlmlb_a-statistical-analysis-of-integ
ration-and-the-negro-league_pahodgetts.run.xml'.
\openout1 = `nlmlb_a-statistical-analysis-of-integration-and-the-negro-league_p
ahodgetts.run.xml'.

 ) 
Here is how much of TeX's memory you used:
 22962 strings out of 478918
 427914 string characters out of 5864811
 1309685 words of memory out of 5000000
 42552 multiletter control sequences out of 15000+600000
 409939 words of font info for 88 fonts, out of 8000000 for 9000
 14 hyphenation exceptions out of 8191
 98i,6n,125p,808b,4865s stack positions out of 5000i,500n,10000p,200000b,80000s

Output written on nlmlb_a-statistical-analysis-of-integration-and-the-negro-lea
gue_pahodgetts.pdf (4 pages).
